<?xml version="1.0" encoding="UTF-8"?>
<testsuite name="com.microservice.glologic.controller.UserControllerTest" tests="2" skipped="0" failures="0" errors="0" timestamp="2023-12-09T17:31:46" hostname="Davids-MacBook-Pro.local" time="0.412">
  <properties/>
  <testcase name="signUp_WithValidUser_ReturnsOk()" classname="com.microservice.glologic.controller.UserControllerTest" time="0.378"/>
  <testcase name="signUp_WithEmptyUser_ReturnsError()" classname="com.microservice.glologic.controller.UserControllerTest" time="0.032"/>
  <system-out><![CDATA[14:31:41.205 [Test worker] DEBUG org.springframework.test.context.BootstrapUtils - Instantiating CacheAwareContextLoaderDelegate from class [org.springframework.test.context.cache.DefaultCacheAwareContextLoaderDelegate]
14:31:41.215 [Test worker] DEBUG org.springframework.test.context.BootstrapUtils - Instantiating BootstrapContext using constructor [public org.springframework.test.context.support.DefaultBootstrapContext(java.lang.Class,org.springframework.test.context.CacheAwareContextLoaderDelegate)]
14:31:41.242 [Test worker] DEBUG org.springframework.test.context.BootstrapUtils - Instantiating TestContextBootstrapper for test class [com.microservice.glologic.controller.UserControllerTest] from class [org.springframework.boot.test.context.SpringBootTestContextBootstrapper]
14:31:41.257 [Test worker] INFO org.springframework.boot.test.context.SpringBootTestContextBootstrapper - Neither @ContextConfiguration nor @ContextHierarchy found for test class [com.microservice.glologic.controller.UserControllerTest], using SpringBootContextLoader
14:31:41.260 [Test worker] DEBUG org.springframework.test.context.support.AbstractContextLoader - Did not detect default resource location for test class [com.microservice.glologic.controller.UserControllerTest]: class path resource [com/microservice/glologic/controller/UserControllerTest-context.xml] does not exist
14:31:41.261 [Test worker] DEBUG org.springframework.test.context.support.AbstractContextLoader - Did not detect default resource location for test class [com.microservice.glologic.controller.UserControllerTest]: class path resource [com/microservice/glologic/controller/UserControllerTestContext.groovy] does not exist
14:31:41.261 [Test worker] INFO org.springframework.test.context.support.AbstractContextLoader - Could not detect default resource locations for test class [com.microservice.glologic.controller.UserControllerTest]: no resource found for suffixes {-context.xml, Context.groovy}.
14:31:41.262 [Test worker] INFO org.springframework.test.context.support.AnnotationConfigContextLoaderUtils - Could not detect default configuration classes for test class [com.microservice.glologic.controller.UserControllerTest]: UserControllerTest does not declare any static, non-private, non-final, nested classes annotated with @Configuration.
14:31:41.303 [Test worker] DEBUG org.springframework.test.context.support.ActiveProfilesUtils - Could not find an 'annotation declaring class' for annotation type [org.springframework.test.context.ActiveProfiles] and class [com.microservice.glologic.controller.UserControllerTest]
14:31:41.369 [Test worker] DEBUG org.springframework.context.annotation.ClassPathScanningCandidateComponentProvider - Identified candidate component class: file [/Users/david/fabrica/calientaSpring/pruebaGlobalLogic/build/classes/java/main/com/microservice/glologic/GlobalLogicUserApplication.class]
14:31:41.370 [Test worker] INFO org.springframework.boot.test.context.SpringBootTestContextBootstrapper - Found @SpringBootConfiguration com.microservice.glologic.GlobalLogicUserApplication for test class com.microservice.glologic.controller.UserControllerTest
14:31:41.466 [Test worker] DEBUG org.springframework.boot.test.context.SpringBootTestContextBootstrapper - @TestExecutionListeners is not present for class [com.microservice.glologic.controller.UserControllerTest]: using defaults.
14:31:41.466 [Test worker] INFO org.springframework.boot.test.context.SpringBootTestContextBootstrapper - Loaded default TestExecutionListener class names from location [META-INF/spring.factories]: [org.springframework.boot.test.autoconfigure.restdocs.RestDocsTestExecutionListener, org.springframework.boot.test.autoconfigure.web.client.MockRestServiceServerResetTestExecutionListener, org.springframework.boot.test.autoconfigure.web.servlet.MockMvcPrintOnlyOnFailureTestExecutionListener, org.springframework.boot.test.autoconfigure.web.servlet.WebDriverTestExecutionListener, org.springframework.boot.test.autoconfigure.webservices.client.MockWebServiceServerTestExecutionListener, org.springframework.boot.test.mock.mockito.MockitoTestExecutionListener, org.springframework.boot.test.mock.mockito.ResetMocksTestExecutionListener, org.springframework.test.context.web.ServletTestExecutionListener, org.springframework.test.context.support.DirtiesContextBeforeModesTestExecutionListener, org.springframework.test.context.event.ApplicationEventsTestExecutionListener, org.springframework.test.context.support.DependencyInjectionTestExecutionListener, org.springframework.test.context.support.DirtiesContextTestExecutionListener, org.springframework.test.context.transaction.TransactionalTestExecutionListener, org.springframework.test.context.jdbc.SqlScriptsTestExecutionListener, org.springframework.test.context.event.EventPublishingTestExecutionListener]
14:31:41.482 [Test worker] INFO org.springframework.boot.test.context.SpringBootTestContextBootstrapper - Using TestExecutionListeners: [org.springframework.test.context.web.ServletTestExecutionListener@6058e535, org.springframework.test.context.support.DirtiesContextBeforeModesTestExecutionListener@42deb43a, org.springframework.test.context.event.ApplicationEventsTestExecutionListener@1deb2c43, org.springframework.boot.test.mock.mockito.MockitoTestExecutionListener@3bb9efbc, org.springframework.boot.test.autoconfigure.SpringBootDependencyInjectionTestExecutionListener@1cefc4b3, org.springframework.test.context.support.DirtiesContextTestExecutionListener@2b27cc70, org.springframework.test.context.transaction.TransactionalTestExecutionListener@6f6a7463, org.springframework.test.context.jdbc.SqlScriptsTestExecutionListener@1bdaa23d, org.springframework.test.context.event.EventPublishingTestExecutionListener@79f227a9, org.springframework.boot.test.autoconfigure.restdocs.RestDocsTestExecutionListener@6ca320ab, org.springframework.boot.test.autoconfigure.web.client.MockRestServiceServerResetTestExecutionListener@50d68830, org.springframework.boot.test.autoconfigure.web.servlet.MockMvcPrintOnlyOnFailureTestExecutionListener@1e53135d, org.springframework.boot.test.autoconfigure.web.servlet.WebDriverTestExecutionListener@7674a051, org.springframework.boot.test.autoconfigure.webservices.client.MockWebServiceServerTestExecutionListener@3a7704c, org.springframework.boot.test.mock.mockito.ResetMocksTestExecutionListener@6754ef00]
14:31:41.485 [Test worker] DEBUG org.springframework.test.context.support.AbstractDirtiesContextTestExecutionListener - Before test class: context [DefaultTestContext@22ee2d0 testClass = UserControllerTest, testInstance = [null], testMethod = [null], testException = [null], mergedContextConfiguration = [WebMergedContextConfiguration@7bfc3126 testClass = UserControllerTest, locations = '{}', classes = '{class com.microservice.glologic.GlobalLogicUserApplication}', contextInitializerClasses = '[]', activeProfiles = '{}', propertySourceLocations = '{}', propertySourceProperties = '{org.springframework.boot.test.context.SpringBootTestContextBootstrapper=true}', contextCustomizers = set[org.springframework.boot.test.autoconfigure.actuate.metrics.MetricsExportContextCustomizerFactory$DisableMetricExportContextCustomizer@cb191ca, org.springframework.boot.test.autoconfigure.properties.PropertyMappingContextCustomizer@0, org.springframework.boot.test.autoconfigure.web.servlet.WebDriverContextCustomizerFactory$Customizer@4b672daa, org.springframework.boot.test.context.filter.ExcludeFilterContextCustomizer@3fffff43, org.springframework.boot.test.json.DuplicateJsonObjectContextCustomizerFactory$DuplicateJsonObjectContextCustomizer@3b77a04f, org.springframework.boot.test.mock.mockito.MockitoContextCustomizer@0, org.springframework.boot.test.web.client.TestRestTemplateContextCustomizer@a4b2d8f, org.springframework.boot.test.context.SpringBootTestArgs@1, org.springframework.boot.test.context.SpringBootTestWebEnvironment@a1f72f5], resourceBasePath = 'src/main/webapp', contextLoader = 'org.springframework.boot.test.context.SpringBootContextLoader', parent = [null]], attributes = map['org.springframework.test.context.web.ServletTestExecutionListener.activateListener' -> true]], class annotated with @DirtiesContext [false] with mode [null].

  .   ____          _            __ _ _
 /\\ / ___'_ __ _ _(_)_ __  __ _ \ \ \ \
( ( )\___ | '_ | '_| | '_ \/ _` | \ \ \ \
 \\/  ___)| |_)| | | | | || (_| |  ) ) ) )
  '  |____| .__|_| |_|_| |_\__, | / / / /
 =========|_|==============|___/=/_/_/_/
 :: Spring Boot ::               (v2.5.14)

2023-12-09 14:31:42 [Test worker] INFO  c.m.g.controller.UserControllerTest - Starting UserControllerTest using Java 11.0.19 on Davids-MacBook-Pro.local with PID 12503 (started by david in /Users/david/fabrica/calientaSpring/pruebaGlobalLogic)
2023-12-09 14:31:42 [Test worker] INFO  c.m.g.controller.UserControllerTest - No active profile set, falling back to 1 default profile: "default"
2023-12-09 14:31:42 [Test worker] INFO  o.s.d.r.c.RepositoryConfigurationDelegate - Bootstrapping Spring Data JPA repositories in DEFAULT mode.
2023-12-09 14:31:42 [Test worker] INFO  o.s.d.r.c.RepositoryConfigurationDelegate - Finished Spring Data repository scanning in 42 ms. Found 1 JPA repository interfaces.
2023-12-09 14:31:43 [Test worker] INFO  o.h.jpa.internal.util.LogHelper - HHH000204: Processing PersistenceUnitInfo [name: default]
2023-12-09 14:31:43 [Test worker] INFO  org.hibernate.Version - HHH000412: Hibernate ORM core version 5.4.33
2023-12-09 14:31:43 [Test worker] INFO  o.h.annotations.common.Version - HCANN000001: Hibernate Commons Annotations {5.1.2.Final}
2023-12-09 14:31:43 [Test worker] INFO  com.zaxxer.hikari.HikariDataSource - HikariPool-1 - Starting...
2023-12-09 14:31:43 [Test worker] INFO  com.zaxxer.hikari.HikariDataSource - HikariPool-1 - Start completed.
2023-12-09 14:31:43 [Test worker] INFO  org.hibernate.dialect.Dialect - HHH000400: Using dialect: org.hibernate.dialect.H2Dialect
Hibernate: create table gl_user (id bigint generated by default as identity, created timestamp, email varchar(255) not null, is_active boolean, last_login timestamp, name varchar(255), password varchar(255), primary key (id))
Hibernate: create table gl_user_phone (id bigint generated by default as identity, citycode integer, countrycode varchar(255), number bigint, user_id bigint not null, primary key (id))
Hibernate: alter table gl_user drop constraint if exists UK_s7877t64ekeeeg6s146t7vuqh
Hibernate: alter table gl_user add constraint UK_s7877t64ekeeeg6s146t7vuqh unique (email)
Hibernate: alter table gl_user_phone add constraint FKdrejs11i5x8kbp2aokvbkpkka foreign key (user_id) references gl_user
2023-12-09 14:31:44 [Test worker] INFO  o.h.e.t.j.p.i.JtaPlatformInitiator - HHH000490: Using JtaPlatform implementation: [org.hibernate.engine.transaction.jta.platform.internal.NoJtaPlatform]
2023-12-09 14:31:44 [Test worker] INFO  o.s.o.j.LocalContainerEntityManagerFactoryBean - Initialized JPA EntityManagerFactory for persistence unit 'default'
2023-12-09 14:31:45 [Test worker] WARN  o.s.b.a.o.j.JpaBaseConfiguration$JpaWebConfiguration - spring.jpa.open-in-view is enabled by default. Therefore, database queries may be performed during view rendering. Explicitly configure spring.jpa.open-in-view to disable this warning
2023-12-09 14:31:45 [Test worker] INFO  o.s.b.a.h.H2ConsoleAutoConfiguration - H2 console available at '/h2-console'. Database available at 'jdbc:h2:mem:productDB'
2023-12-09 14:31:46 [Test worker] INFO  c.m.g.controller.UserControllerTest - Started UserControllerTest in 4.823 seconds (JVM running for 5.939)
2023-12-09 14:31:46 [Test worker] INFO  o.s.mock.web.MockServletContext - Initializing Spring TestDispatcherServlet ''
2023-12-09 14:31:46 [Test worker] INFO  o.s.t.w.s.TestDispatcherServlet - Initializing Servlet ''
2023-12-09 14:31:46 [Test worker] INFO  o.s.t.w.s.TestDispatcherServlet - Completed initialization in 0 ms
Hibernate: insert into gl_user (id, created, email, is_active, last_login, name, password) values (null, ?, ?, ?, ?, ?, ?)
2023-12-09 14:31:46 [Test worker] INFO  o.s.mock.web.MockServletContext - Initializing Spring TestDispatcherServlet ''
2023-12-09 14:31:46 [Test worker] INFO  o.s.t.w.s.TestDispatcherServlet - Initializing Servlet ''
2023-12-09 14:31:46 [Test worker] INFO  o.s.t.w.s.TestDispatcherServlet - Completed initialization in 0 ms
]]></system-out>
  <system-err><![CDATA[]]></system-err>
</testsuite>
