<?xml version="1.0" encoding="UTF-8"?>
<testsuite name="com.microservice.glologic.service.JwtUtilTest" tests="1" skipped="0" failures="0" errors="0" timestamp="2023-12-09T17:31:47" hostname="Davids-MacBook-Pro.local" time="0.028">
  <properties/>
  <testcase name="testGenerateAndValidateToken()" classname="com.microservice.glologic.service.JwtUtilTest" time="0.028"/>
  <system-out><![CDATA[2023-12-09 14:31:47 [Test worker] INFO  o.s.b.t.c.SpringBootTestContextBootstrapper - Neither @ContextConfiguration nor @ContextHierarchy found for test class [com.microservice.glologic.service.JwtUtilTest], using SpringBootContextLoader
2023-12-09 14:31:47 [Test worker] INFO  o.s.t.c.s.AbstractContextLoader - Could not detect default resource locations for test class [com.microservice.glologic.service.JwtUtilTest]: no resource found for suffixes {-context.xml, Context.groovy}.
2023-12-09 14:31:47 [Test worker] INFO  o.s.t.c.s.AnnotationConfigContextLoaderUtils - Could not detect default configuration classes for test class [com.microservice.glologic.service.JwtUtilTest]: JwtUtilTest does not declare any static, non-private, non-final, nested classes annotated with @Configuration.
2023-12-09 14:31:47 [Test worker] INFO  o.s.b.t.c.SpringBootTestContextBootstrapper - Found @SpringBootConfiguration com.microservice.glologic.GlobalLogicUserApplication for test class com.microservice.glologic.service.JwtUtilTest
2023-12-09 14:31:47 [Test worker] INFO  o.s.b.t.c.SpringBootTestContextBootstrapper - Loaded default TestExecutionListener class names from location [META-INF/spring.factories]: [org.springframework.boot.test.autoconfigure.restdocs.RestDocsTestExecutionListener, org.springframework.boot.test.autoconfigure.web.client.MockRestServiceServerResetTestExecutionListener, org.springframework.boot.test.autoconfigure.web.servlet.MockMvcPrintOnlyOnFailureTestExecutionListener, org.springframework.boot.test.autoconfigure.web.servlet.WebDriverTestExecutionListener, org.springframework.boot.test.autoconfigure.webservices.client.MockWebServiceServerTestExecutionListener, org.springframework.boot.test.mock.mockito.MockitoTestExecutionListener, org.springframework.boot.test.mock.mockito.ResetMocksTestExecutionListener, org.springframework.test.context.web.ServletTestExecutionListener, org.springframework.test.context.support.DirtiesContextBeforeModesTestExecutionListener, org.springframework.test.context.event.ApplicationEventsTestExecutionListener, org.springframework.test.context.support.DependencyInjectionTestExecutionListener, org.springframework.test.context.support.DirtiesContextTestExecutionListener, org.springframework.test.context.transaction.TransactionalTestExecutionListener, org.springframework.test.context.jdbc.SqlScriptsTestExecutionListener, org.springframework.test.context.event.EventPublishingTestExecutionListener]
2023-12-09 14:31:47 [Test worker] INFO  o.s.b.t.c.SpringBootTestContextBootstrapper - Using TestExecutionListeners: [org.springframework.test.context.web.ServletTestExecutionListener@323b5264, org.springframework.test.context.support.DirtiesContextBeforeModesTestExecutionListener@335ff774, org.springframework.test.context.event.ApplicationEventsTestExecutionListener@386b4f7e, org.springframework.boot.test.mock.mockito.MockitoTestExecutionListener@4c131823, org.springframework.boot.test.autoconfigure.SpringBootDependencyInjectionTestExecutionListener@2453cbb7, org.springframework.test.context.support.DirtiesContextTestExecutionListener@68fb6c1e, org.springframework.test.context.transaction.TransactionalTestExecutionListener@a89dec0, org.springframework.test.context.jdbc.SqlScriptsTestExecutionListener@5e8f1db2, org.springframework.test.context.event.EventPublishingTestExecutionListener@64bb6ba7, org.springframework.boot.test.autoconfigure.restdocs.RestDocsTestExecutionListener@571360b2, org.springframework.boot.test.autoconfigure.web.client.MockRestServiceServerResetTestExecutionListener@13a8cb4e, org.springframework.boot.test.autoconfigure.web.servlet.MockMvcPrintOnlyOnFailureTestExecutionListener@35ec3604, org.springframework.boot.test.autoconfigure.web.servlet.WebDriverTestExecutionListener@ab5954d, org.springframework.boot.test.autoconfigure.webservices.client.MockWebServiceServerTestExecutionListener@466f7259, org.springframework.boot.test.mock.mockito.ResetMocksTestExecutionListener@13482361]
]]></system-out>
  <system-err><![CDATA[]]></system-err>
</testsuite>
