<?xml version="1.0" encoding="UTF-8"?>
<testsuite name="com.microservice.glologic.controller.AuthControllerTest" tests="3" skipped="0" failures="0" errors="0" timestamp="2023-12-09T17:31:47" hostname="Davids-MacBook-Pro.local" time="0.078">
  <properties/>
  <testcase name="login_WithoutToken_BadRequest()" classname="com.microservice.glologic.controller.AuthControllerTest" time="0.018"/>
  <testcase name="login_WithUser_ReturnsUserDetails()" classname="com.microservice.glologic.controller.AuthControllerTest" time="0.03"/>
  <testcase name="login_WithUser_NotUserFound()" classname="com.microservice.glologic.controller.AuthControllerTest" time="0.025"/>
  <system-out><![CDATA[2023-12-09 14:31:46 [Test worker] INFO  o.s.b.t.c.SpringBootTestContextBootstrapper - Neither @ContextConfiguration nor @ContextHierarchy found for test class [com.microservice.glologic.controller.AuthControllerTest], using SpringBootContextLoader
2023-12-09 14:31:46 [Test worker] INFO  o.s.t.c.s.AbstractContextLoader - Could not detect default resource locations for test class [com.microservice.glologic.controller.AuthControllerTest]: no resource found for suffixes {-context.xml, Context.groovy}.
2023-12-09 14:31:46 [Test worker] INFO  o.s.t.c.s.AnnotationConfigContextLoaderUtils - Could not detect default configuration classes for test class [com.microservice.glologic.controller.AuthControllerTest]: AuthControllerTest does not declare any static, non-private, non-final, nested classes annotated with @Configuration.
2023-12-09 14:31:46 [Test worker] INFO  o.s.b.t.c.SpringBootTestContextBootstrapper - Found @SpringBootConfiguration com.microservice.glologic.GlobalLogicUserApplication for test class com.microservice.glologic.controller.AuthControllerTest
2023-12-09 14:31:46 [Test worker] INFO  o.s.b.t.c.SpringBootTestContextBootstrapper - Loaded default TestExecutionListener class names from location [META-INF/spring.factories]: [org.springframework.boot.test.autoconfigure.restdocs.RestDocsTestExecutionListener, org.springframework.boot.test.autoconfigure.web.client.MockRestServiceServerResetTestExecutionListener, org.springframework.boot.test.autoconfigure.web.servlet.MockMvcPrintOnlyOnFailureTestExecutionListener, org.springframework.boot.test.autoconfigure.web.servlet.WebDriverTestExecutionListener, org.springframework.boot.test.autoconfigure.webservices.client.MockWebServiceServerTestExecutionListener, org.springframework.boot.test.mock.mockito.MockitoTestExecutionListener, org.springframework.boot.test.mock.mockito.ResetMocksTestExecutionListener, org.springframework.test.context.web.ServletTestExecutionListener, org.springframework.test.context.support.DirtiesContextBeforeModesTestExecutionListener, org.springframework.test.context.event.ApplicationEventsTestExecutionListener, org.springframework.test.context.support.DependencyInjectionTestExecutionListener, org.springframework.test.context.support.DirtiesContextTestExecutionListener, org.springframework.test.context.transaction.TransactionalTestExecutionListener, org.springframework.test.context.jdbc.SqlScriptsTestExecutionListener, org.springframework.test.context.event.EventPublishingTestExecutionListener]
2023-12-09 14:31:46 [Test worker] INFO  o.s.b.t.c.SpringBootTestContextBootstrapper - Using TestExecutionListeners: [org.springframework.test.context.web.ServletTestExecutionListener@293988dc, org.springframework.test.context.support.DirtiesContextBeforeModesTestExecutionListener@47b72d3b, org.springframework.test.context.event.ApplicationEventsTestExecutionListener@63fcc21, org.springframework.boot.test.mock.mockito.MockitoTestExecutionListener@2fc7c36a, org.springframework.boot.test.autoconfigure.SpringBootDependencyInjectionTestExecutionListener@4a5dc126, org.springframework.test.context.support.DirtiesContextTestExecutionListener@34fde3a3, org.springframework.test.context.transaction.TransactionalTestExecutionListener@4cdb7fd9, org.springframework.test.context.jdbc.SqlScriptsTestExecutionListener@5d9639bb, org.springframework.test.context.event.EventPublishingTestExecutionListener@796687de, org.springframework.boot.test.autoconfigure.restdocs.RestDocsTestExecutionListener@225d93aa, org.springframework.boot.test.autoconfigure.web.client.MockRestServiceServerResetTestExecutionListener@35ef158f, org.springframework.boot.test.autoconfigure.web.servlet.MockMvcPrintOnlyOnFailureTestExecutionListener@59d8a968, org.springframework.boot.test.autoconfigure.web.servlet.WebDriverTestExecutionListener@14cd8dfa, org.springframework.boot.test.autoconfigure.webservices.client.MockWebServiceServerTestExecutionListener@5a438c0a, org.springframework.boot.test.mock.mockito.ResetMocksTestExecutionListener@174da9a0]
2023-12-09 14:31:47 [Test worker] INFO  o.s.mock.web.MockServletContext - Initializing Spring TestDispatcherServlet ''
2023-12-09 14:31:47 [Test worker] INFO  o.s.t.w.s.TestDispatcherServlet - Initializing Servlet ''
2023-12-09 14:31:47 [Test worker] INFO  o.s.t.w.s.TestDispatcherServlet - Completed initialization in 0 ms
2023-12-09 14:31:47 [Test worker] WARN  o.s.w.s.m.s.DefaultHandlerExceptionResolver - Resolved [org.springframework.web.bind.MissingRequestHeaderException: Required request header 'Authorization' for method parameter type String is not present]
2023-12-09 14:31:47 [Test worker] INFO  o.s.mock.web.MockServletContext - Initializing Spring TestDispatcherServlet ''
2023-12-09 14:31:47 [Test worker] INFO  o.s.t.w.s.TestDispatcherServlet - Initializing Servlet ''
2023-12-09 14:31:47 [Test worker] INFO  o.s.t.w.s.TestDispatcherServlet - Completed initialization in 0 ms
2023-12-09 14:31:47 [Test worker] INFO  o.s.mock.web.MockServletContext - Initializing Spring TestDispatcherServlet ''
2023-12-09 14:31:47 [Test worker] INFO  o.s.t.w.s.TestDispatcherServlet - Initializing Servlet ''
2023-12-09 14:31:47 [Test worker] INFO  o.s.t.w.s.TestDispatcherServlet - Completed initialization in 0 ms
]]></system-out>
  <system-err><![CDATA[]]></system-err>
</testsuite>
