<?xml version="1.0" encoding="UTF-8"?>
<testsuite name="com.microservice.glologic.service.UserServiceImplTest" tests="4" skipped="0" failures="0" errors="0" timestamp="2023-12-09T17:31:47" hostname="Davids-MacBook-Pro.local" time="0.025">
  <properties/>
  <testcase name="updateLastLogin_ExistingUser_ReturnsExistingUserUpdated()" classname="com.microservice.glologic.service.UserServiceImplTest" time="0.005"/>
  <testcase name="getUserByName_NonExistingUser_ReturnsEmptyOptional()" classname="com.microservice.glologic.service.UserServiceImplTest" time="0.005"/>
  <testcase name="getUserByName_ExistingUser_ReturnsOptionalWithUser()" classname="com.microservice.glologic.service.UserServiceImplTest" time="0.006"/>
  <testcase name="createUser_ValidUser_ReturnsSavedUser()" classname="com.microservice.glologic.service.UserServiceImplTest" time="0.003"/>
  <system-out><![CDATA[2023-12-09 14:31:47 [Test worker] INFO  o.s.b.t.c.SpringBootTestContextBootstrapper - Neither @ContextConfiguration nor @ContextHierarchy found for test class [com.microservice.glologic.service.UserServiceImplTest], using SpringBootContextLoader
2023-12-09 14:31:47 [Test worker] INFO  o.s.t.c.s.AbstractContextLoader - Could not detect default resource locations for test class [com.microservice.glologic.service.UserServiceImplTest]: no resource found for suffixes {-context.xml, Context.groovy}.
2023-12-09 14:31:47 [Test worker] INFO  o.s.t.c.s.AnnotationConfigContextLoaderUtils - Could not detect default configuration classes for test class [com.microservice.glologic.service.UserServiceImplTest]: UserServiceImplTest does not declare any static, non-private, non-final, nested classes annotated with @Configuration.
2023-12-09 14:31:47 [Test worker] INFO  o.s.b.t.c.SpringBootTestContextBootstrapper - Found @SpringBootConfiguration com.microservice.glologic.GlobalLogicUserApplication for test class com.microservice.glologic.service.UserServiceImplTest
2023-12-09 14:31:47 [Test worker] INFO  o.s.b.t.c.SpringBootTestContextBootstrapper - Loaded default TestExecutionListener class names from location [META-INF/spring.factories]: [org.springframework.boot.test.autoconfigure.restdocs.RestDocsTestExecutionListener, org.springframework.boot.test.autoconfigure.web.client.MockRestServiceServerResetTestExecutionListener, org.springframework.boot.test.autoconfigure.web.servlet.MockMvcPrintOnlyOnFailureTestExecutionListener, org.springframework.boot.test.autoconfigure.web.servlet.WebDriverTestExecutionListener, org.springframework.boot.test.autoconfigure.webservices.client.MockWebServiceServerTestExecutionListener, org.springframework.boot.test.mock.mockito.MockitoTestExecutionListener, org.springframework.boot.test.mock.mockito.ResetMocksTestExecutionListener, org.springframework.test.context.web.ServletTestExecutionListener, org.springframework.test.context.support.DirtiesContextBeforeModesTestExecutionListener, org.springframework.test.context.event.ApplicationEventsTestExecutionListener, org.springframework.test.context.support.DependencyInjectionTestExecutionListener, org.springframework.test.context.support.DirtiesContextTestExecutionListener, org.springframework.test.context.transaction.TransactionalTestExecutionListener, org.springframework.test.context.jdbc.SqlScriptsTestExecutionListener, org.springframework.test.context.event.EventPublishingTestExecutionListener]
2023-12-09 14:31:47 [Test worker] INFO  o.s.b.t.c.SpringBootTestContextBootstrapper - Using TestExecutionListeners: [org.springframework.test.context.web.ServletTestExecutionListener@ac6da02, org.springframework.test.context.support.DirtiesContextBeforeModesTestExecutionListener@768d8a25, org.springframework.test.context.event.ApplicationEventsTestExecutionListener@521032a6, org.springframework.boot.test.mock.mockito.MockitoTestExecutionListener@18a9e8db, org.springframework.boot.test.autoconfigure.SpringBootDependencyInjectionTestExecutionListener@24032706, org.springframework.test.context.support.DirtiesContextTestExecutionListener@3e455d01, org.springframework.test.context.transaction.TransactionalTestExecutionListener@6d13cd6d, org.springframework.test.context.jdbc.SqlScriptsTestExecutionListener@3a2b1f24, org.springframework.test.context.event.EventPublishingTestExecutionListener@72d2470, org.springframework.boot.test.autoconfigure.restdocs.RestDocsTestExecutionListener@1314ccc1, org.springframework.boot.test.autoconfigure.web.client.MockRestServiceServerResetTestExecutionListener@609f136b, org.springframework.boot.test.autoconfigure.web.servlet.MockMvcPrintOnlyOnFailureTestExecutionListener@2afe263, org.springframework.boot.test.autoconfigure.web.servlet.WebDriverTestExecutionListener@6c4f48e2, org.springframework.boot.test.autoconfigure.webservices.client.MockWebServiceServerTestExecutionListener@5988e36e, org.springframework.boot.test.mock.mockito.ResetMocksTestExecutionListener@4194a77f]
]]></system-out>
  <system-err><![CDATA[]]></system-err>
</testsuite>
